# JRE version: Java(TM) SE Runtime Environment (8.0_191-b12) (build 1.8.0_191-b12)
# Java VM: Java HotSpot(TM) 64-Bit Server VM (25.191-b12 mixed mode windows-amd64 compressed oops)
Heap:
 PSYoungGen      total 121856K, used 25274K [0x00000000f5580000, 0x00000000ffe80000, 0x0000000100000000)
  eden space 72704K, 26% used [0x00000000f5580000,0x00000000f6806a38,0x00000000f9c80000)
  from space 49152K, 12% used [0x00000000fce80000,0x00000000fd4a8000,0x00000000ffe80000)
  to   space 50176K, 0% used [0x00000000f9c80000,0x00000000f9c80000,0x00000000fcd80000)
 ParOldGen       total 175104K, used 131485K [0x00000000e0000000, 0x00000000eab00000, 0x00000000f5580000)
  object space 175104K, 75% used [0x00000000e0000000,0x00000000e8067510,0x00000000eab00000)
 Metaspace       used 77874K, capacity 83625K, committed 83840K, reserved 1120256K
  class space    used 10707K, capacity 12056K, committed 12160K, reserved 1048576K
GC Heap History (10 events):
Event: 136.970 GC heap before
{Heap before GC invocations=17 (full 3):
 PSYoungGen      total 139264K, used 139263K [0x00000000f5580000, 0x0000000100000000, 0x0000000100000000)
  eden space 103936K, 100% used [0x00000000f5580000,0x00000000fbb00000,0x00000000fbb00000)
  from space 35328K, 99% used [0x00000000fbb00000,0x00000000fdd7fd78,0x00000000fdd80000)
  to   space 35328K, 0% used [0x00000000fdd80000,0x00000000fdd80000,0x0000000100000000)
 ParOldGen       total 175104K, used 60382K [0x00000000e0000000, 0x00000000eab00000, 0x00000000f5580000)
  object space 175104K, 34% used [0x00000000e0000000,0x00000000e3af79e8,0x00000000eab00000)
 Metaspace       used 74988K, capacity 79707K, committed 79872K, reserved 1118208K
  class space    used 10285K, capacity 11496K, committed 11520K, reserved 1048576K
Event: 137.113 GC heap after
Heap after GC invocations=17 (full 3):
 PSYoungGen      total 105472K, used 35310K [0x00000000f5580000, 0x0000000100000000, 0x0000000100000000)
  eden space 70144K, 0% used [0x00000000f5580000,0x00000000f5580000,0x00000000f9a00000)
  from space 35328K, 99% used [0x00000000fdd80000,0x00000000ffffb950,0x0000000100000000)
  to   space 52224K, 0% used [0x00000000f9a00000,0x00000000f9a00000,0x00000000fcd00000)
 ParOldGen       total 175104K, used 80600K [0x00000000e0000000, 0x00000000eab00000, 0x00000000f5580000)
  object space 175104K, 46% used [0x00000000e0000000,0x00000000e4eb6190,0x00000000eab00000)
 Metaspace       used 74988K, capacity 79707K, committed 79872K, reserved 1118208K
  class space    used 10285K, capacity 11496K, committed 11520K, reserved 1048576K
}
Event: 139.172 GC heap before
{Heap before GC invocations=18 (full 3):
 PSYoungGen      total 105472K, used 105425K [0x00000000f5580000, 0x0000000100000000, 0x0000000100000000)
  eden space 70144K, 99% used [0x00000000f5580000,0x00000000f99f8b90,0x00000000f9a00000)
  from space 35328K, 99% used [0x00000000fdd80000,0x00000000ffffb950,0x0000000100000000)
  to   space 52224K, 0% used [0x00000000f9a00000,0x00000000f9a00000,0x00000000fcd00000)
 ParOldGen       total 175104K, used 80600K [0x00000000e0000000, 0x00000000eab00000, 0x00000000f5580000)
  object space 175104K, 46% used [0x00000000e0000000,0x00000000e4eb6190,0x00000000eab00000)
 Metaspace       used 76218K, capacity 81455K, committed 81792K, reserved 1120256K
  class space    used 10484K, capacity 11794K, committed 11904K, reserved 1048576K
Event: 139.247 GC heap after
Heap after GC invocations=18 (full 3):
 PSYoungGen      total 122368K, used 27808K [0x00000000f5580000, 0x0000000100000000, 0x0000000100000000)
  eden space 70144K, 0% used [0x00000000f5580000,0x00000000f5580000,0x00000000f9a00000)
  from space 52224K, 53% used [0x00000000f9a00000,0x00000000fb528030,0x00000000fcd00000)
  to   space 51200K, 0% used [0x00000000fce00000,0x00000000fce00000,0x0000000100000000)
 ParOldGen       total 175104K, used 96949K [0x00000000e0000000, 0x00000000eab00000, 0x00000000f5580000)
  object space 175104K, 55% used [0x00000000e0000000,0x00000000e5ead7b8,0x00000000eab00000)
 Metaspace       used 76218K, capacity 81455K, committed 81792K, reserved 1120256K
  class space    used 10484K, capacity 11794K, committed 11904K, reserved 1048576K
}
Event: 141.755 GC heap before
{Heap before GC invocations=19 (full 3):
 PSYoungGen      total 122368K, used 97952K [0x00000000f5580000, 0x0000000100000000, 0x0000000100000000)
  eden space 70144K, 100% used [0x00000000f5580000,0x00000000f9a00000,0x00000000f9a00000)
  from space 52224K, 53% used [0x00000000f9a00000,0x00000000fb528030,0x00000000fcd00000)
  to   space 51200K, 0% used [0x00000000fce00000,0x00000000fce00000,0x0000000100000000)
 ParOldGen       total 175104K, used 96949K [0x00000000e0000000, 0x00000000eab00000, 0x00000000f5580000)
  object space 175104K, 55% used [0x00000000e0000000,0x00000000e5ead7b8,0x00000000eab00000)
 Metaspace       used 76974K, capacity 82427K, committed 82688K, reserved 1120256K
  class space    used 10596K, capacity 11937K, committed 12032K, reserved 1048576K
Event: 141.810 GC heap after
Heap after GC invocations=19 (full 3):
 PSYoungGen      total 121344K, used 5465K [0x00000000f5580000, 0x00000000fff00000, 0x0000000100000000)
  eden space 71168K, 0% used [0x00000000f5580000,0x00000000f5580000,0x00000000f9b00000)
  from space 50176K, 10% used [0x00000000fce00000,0x00000000fd3564c8,0x00000000fff00000)
  to   space 51200K, 0% used [0x00000000f9b00000,0x00000000f9b00000,0x00000000fcd00000)
 ParOldGen       total 175104K, used 123096K [0x00000000e0000000, 0x00000000eab00000, 0x00000000f5580000)
  object space 175104K, 70% used [0x00000000e0000000,0x00000000e7836148,0x00000000eab00000)
 Metaspace       used 76974K, capacity 82427K, committed 82688K, reserved 1120256K
  class space    used 10596K, capacity 11937K, committed 12032K, reserved 1048576K
}
Event: 144.853 GC heap before
{Heap before GC invocations=20 (full 3):
 PSYoungGen      total 121344K, used 76633K [0x00000000f5580000, 0x00000000fff00000, 0x0000000100000000)
  eden space 71168K, 100% used [0x00000000f5580000,0x00000000f9b00000,0x00000000f9b00000)
  from space 50176K, 10% used [0x00000000fce00000,0x00000000fd3564c8,0x00000000fff00000)
  to   space 51200K, 0% used [0x00000000f9b00000,0x00000000f9b00000,0x00000000fcd00000)
 ParOldGen       total 175104K, used 123096K [0x00000000e0000000, 0x00000000eab00000, 0x00000000f5580000)
  object space 175104K, 70% used [0x00000000e0000000,0x00000000e7836148,0x00000000eab00000)
 Metaspace       used 77624K, capacity 83137K, committed 83200K, reserved 1120256K
  class space    used 10685K, capacity 12018K, committed 12032K, reserved 1048576K
Event: 144.878 GC heap after
Heap after GC invocations=20 (full 3):
 PSYoungGen      total 122368K, used 6912K [0x00000000f5580000, 0x0000000100000000, 0x0000000100000000)
  eden space 71168K, 0% used [0x00000000f5580000,0x00000000f5580000,0x00000000f9b00000)
  from space 51200K, 13% used [0x00000000f9b00000,0x00000000fa1c0060,0x00000000fcd00000)
  to   space 50688K, 0% used [0x00000000fce80000,0x00000000fce80000,0x0000000100000000)
 ParOldGen       total 175104K, used 127324K [0x00000000e0000000, 0x00000000eab00000, 0x00000000f5580000)
  object space 175104K, 72% used [0x00000000e0000000,0x00000000e7c570b8,0x00000000eab00000)
 Metaspace       used 77624K, capacity 83137K, committed 83200K, reserved 1120256K
  class space    used 10685K, capacity 12018K, committed 12032K, reserved 1048576K
}
Event: 146.904 GC heap before
{Heap before GC invocations=21 (full 3):
 PSYoungGen      total 122368K, used 78080K [0x00000000f5580000, 0x0000000100000000, 0x0000000100000000)
  eden space 71168K, 100% used [0x00000000f5580000,0x00000000f9b00000,0x00000000f9b00000)
  from space 51200K, 13% used [0x00000000f9b00000,0x00000000fa1c0060,0x00000000fcd00000)
  to   space 50688K, 0% used [0x00000000fce80000,0x00000000fce80000,0x0000000100000000)
 ParOldGen       total 175104K, used 127324K [0x00000000e0000000, 0x00000000eab00000, 0x00000000f5580000)
  object space 175104K, 72% used [0x00000000e0000000,0x00000000e7c570b8,0x00000000eab00000)
 Metaspace       used 77819K, capacity 83589K, committed 83840K, reserved 1120256K
  class space    used 10704K, capacity 12050K, committed 12160K, reserved 1048576K
Event: 146.948 GC heap after
Heap after GC invocations=21 (full 3):
 PSYoungGen      total 121856K, used 6304K [0x00000000f5580000, 0x00000000ffe80000, 0x0000000100000000)
  eden space 72704K, 0% used [0x00000000f5580000,0x00000000f5580000,0x00000000f9c80000)
  from space 49152K, 12% used [0x00000000fce80000,0x00000000fd4a8000,0x00000000ffe80000)
  to   space 50176K, 0% used [0x00000000f9c80000,0x00000000f9c80000,0x00000000fcd80000)
 ParOldGen       total 175104K, used 131485K [0x00000000e0000000, 0x00000000eab00000, 0x00000000f5580000)
  object space 175104K, 75% used [0x00000000e0000000,0x00000000e8067510,0x00000000eab00000)
 Metaspace       used 77819K, capacity 83589K, committed 83840K, reserved 1120256K
  class space    used 10704K, capacity 12050K, committed 12160K, reserved 1048576K
}

