# JRE version: Java(TM) SE Runtime Environment (8.0_191-b12) (build 1.8.0_191-b12)
# Java VM: Java HotSpot(TM) 64-Bit Server VM (25.191-b12 mixed mode windows-amd64 compressed oops)
Heap:
 PSYoungGen      total 119808K, used 39386K [0x00000000f5580000, 0x00000000ff700000, 0x0000000100000000)
  eden space 76288K, 30% used [0x00000000f5580000,0x00000000f6c7a888,0x00000000fa000000)
  from space 43520K, 36% used [0x00000000fcc80000,0x00000000fdbfc020,0x00000000ff700000)
  to   space 44544K, 0% used [0x00000000fa000000,0x00000000fa000000,0x00000000fcb80000)
 ParOldGen       total 349696K, used 302006K [0x00000000e0000000, 0x00000000f5580000, 0x00000000f5580000)
  object space 349696K, 86% used [0x00000000e0000000,0x00000000f26edb38,0x00000000f5580000)
 Metaspace       used 100765K, capacity 108305K, committed 108544K, reserved 1142784K
  class space    used 13674K, capacity 15345K, committed 15360K, reserved 1048576K
GC Heap History (10 events):
Event: 71.521 GC heap before
{Heap before GC invocations=51 (full 5):
 PSYoungGen      total 76800K, used 76590K [0x00000000f5580000, 0x00000000ff980000, 0x0000000100000000)
  eden space 59392K, 100% used [0x00000000f5580000,0x00000000f8f80000,0x00000000f8f80000)
  from space 17408K, 98% used [0x00000000f8f80000,0x00000000fa04ba50,0x00000000fa080000)
  to   space 54272K, 0% used [0x00000000fc480000,0x00000000fc480000,0x00000000ff980000)
 ParOldGen       total 349696K, used 275688K [0x00000000e0000000, 0x00000000f5580000, 0x00000000f5580000)
  object space 349696K, 78% used [0x00000000e0000000,0x00000000f0d3a0d0,0x00000000f5580000)
 Metaspace       used 93742K, capacity 100685K, committed 100864K, reserved 1136640K
  class space    used 12962K, capacity 14566K, committed 14592K, reserved 1048576K
Event: 71.537 GC heap after
Heap after GC invocations=51 (full 5):
 PSYoungGen      total 115200K, used 9083K [0x00000000f5580000, 0x00000000fff80000, 0x0000000100000000)
  eden space 60928K, 0% used [0x00000000f5580000,0x00000000f5580000,0x00000000f9100000)
  from space 54272K, 16% used [0x00000000fc480000,0x00000000fcd5ee80,0x00000000ff980000)
  to   space 52736K, 0% used [0x00000000f9100000,0x00000000f9100000,0x00000000fc480000)
 ParOldGen       total 349696K, used 292818K [0x00000000e0000000, 0x00000000f5580000, 0x00000000f5580000)
  object space 349696K, 83% used [0x00000000e0000000,0x00000000f1df4bb0,0x00000000f5580000)
 Metaspace       used 93742K, capacity 100685K, committed 100864K, reserved 1136640K
  class space    used 12962K, capacity 14566K, committed 14592K, reserved 1048576K
}
Event: 71.789 GC heap before
{Heap before GC invocations=52 (full 5):
 PSYoungGen      total 115200K, used 70011K [0x00000000f5580000, 0x00000000fff80000, 0x0000000100000000)
  eden space 60928K, 100% used [0x00000000f5580000,0x00000000f9100000,0x00000000f9100000)
  from space 54272K, 16% used [0x00000000fc480000,0x00000000fcd5ee80,0x00000000ff980000)
  to   space 52736K, 0% used [0x00000000f9100000,0x00000000f9100000,0x00000000fc480000)
 ParOldGen       total 349696K, used 292818K [0x00000000e0000000, 0x00000000f5580000, 0x00000000f5580000)
  object space 349696K, 83% used [0x00000000e0000000,0x00000000f1df4bb0,0x00000000f5580000)
 Metaspace       used 93742K, capacity 100685K, committed 100864K, reserved 1136640K
  class space    used 12962K, capacity 14566K, committed 14592K, reserved 1048576K
Event: 71.803 GC heap after
Heap after GC invocations=52 (full 5):
 PSYoungGen      total 113664K, used 10401K [0x00000000f5580000, 0x00000000ffa80000, 0x0000000100000000)
  eden space 60928K, 0% used [0x00000000f5580000,0x00000000f5580000,0x00000000f9100000)
  from space 52736K, 19% used [0x00000000f9100000,0x00000000f9b28680,0x00000000fc480000)
  to   space 50688K, 0% used [0x00000000fc900000,0x00000000fc900000,0x00000000ffa80000)
 ParOldGen       total 349696K, used 294899K [0x00000000e0000000, 0x00000000f5580000, 0x00000000f5580000)
  object space 349696K, 84% used [0x00000000e0000000,0x00000000f1ffcc08,0x00000000f5580000)
 Metaspace       used 93742K, capacity 100685K, committed 100864K, reserved 1136640K
  class space    used 12962K, capacity 14566K, committed 14592K, reserved 1048576K
}
Event: 73.465 GC heap before
{Heap before GC invocations=53 (full 5):
 PSYoungGen      total 113664K, used 71299K [0x00000000f5580000, 0x00000000ffa80000, 0x0000000100000000)
  eden space 60928K, 99% used [0x00000000f5580000,0x00000000f90f8830,0x00000000f9100000)
  from space 52736K, 19% used [0x00000000f9100000,0x00000000f9b28680,0x00000000fc480000)
  to   space 50688K, 0% used [0x00000000fc900000,0x00000000fc900000,0x00000000ffa80000)
 ParOldGen       total 349696K, used 294899K [0x00000000e0000000, 0x00000000f5580000, 0x00000000f5580000)
  object space 349696K, 84% used [0x00000000e0000000,0x00000000f1ffcc08,0x00000000f5580000)
 Metaspace       used 95291K, capacity 102421K, committed 102656K, reserved 1136640K
  class space    used 13192K, capacity 14837K, committed 14848K, reserved 1048576K
Event: 73.479 GC heap after
Heap after GC invocations=53 (full 5):
 PSYoungGen      total 119296K, used 6145K [0x00000000f5580000, 0x00000000ffa80000, 0x0000000100000000)
  eden space 68608K, 0% used [0x00000000f5580000,0x00000000f5580000,0x00000000f9880000)
  from space 50688K, 12% used [0x00000000fc900000,0x00000000fcf006a8,0x00000000ffa80000)
  to   space 49664K, 0% used [0x00000000f9880000,0x00000000f9880000,0x00000000fc900000)
 ParOldGen       total 349696K, used 295436K [0x00000000e0000000, 0x00000000f5580000, 0x00000000f5580000)
  object space 349696K, 84% used [0x00000000e0000000,0x00000000f2083128,0x00000000f5580000)
 Metaspace       used 95291K, capacity 102421K, committed 102656K, reserved 1136640K
  class space    used 13192K, capacity 14837K, committed 14848K, reserved 1048576K
}
Event: 1019.320 GC heap before
{Heap before GC invocations=54 (full 5):
 PSYoungGen      total 119296K, used 74753K [0x00000000f5580000, 0x00000000ffa80000, 0x0000000100000000)
  eden space 68608K, 100% used [0x00000000f5580000,0x00000000f9880000,0x00000000f9880000)
  from space 50688K, 12% used [0x00000000fc900000,0x00000000fcf006a8,0x00000000ffa80000)
  to   space 49664K, 0% used [0x00000000f9880000,0x00000000f9880000,0x00000000fc900000)
 ParOldGen       total 349696K, used 295436K [0x00000000e0000000, 0x00000000f5580000, 0x00000000f5580000)
  object space 349696K, 84% used [0x00000000e0000000,0x00000000f2083128,0x00000000f5580000)
 Metaspace       used 100483K, capacity 107929K, committed 108032K, reserved 1142784K
  class space    used 13653K, capacity 15307K, committed 15360K, reserved 1048576K
Event: 1019.394 GC heap after
Heap after GC invocations=54 (full 5):
 PSYoungGen      total 118272K, used 9065K [0x00000000f5580000, 0x00000000ffb00000, 0x0000000100000000)
  eden space 68608K, 0% used [0x00000000f5580000,0x00000000f5580000,0x00000000f9880000)
  from space 49664K, 18% used [0x00000000f9880000,0x00000000fa15a6b0,0x00000000fc900000)
  to   space 47616K, 0% used [0x00000000fcc80000,0x00000000fcc80000,0x00000000ffb00000)
 ParOldGen       total 349696K, used 296462K [0x00000000e0000000, 0x00000000f5580000, 0x00000000f5580000)
  object space 349696K, 84% used [0x00000000e0000000,0x00000000f2183810,0x00000000f5580000)
 Metaspace       used 100483K, capacity 107929K, committed 108032K, reserved 1142784K
  class space    used 13653K, capacity 15307K, committed 15360K, reserved 1048576K
}
Event: 1024.424 GC heap before
{Heap before GC invocations=55 (full 5):
 PSYoungGen      total 118272K, used 77673K [0x00000000f5580000, 0x00000000ffb00000, 0x0000000100000000)
  eden space 68608K, 100% used [0x00000000f5580000,0x00000000f9880000,0x00000000f9880000)
  from space 49664K, 18% used [0x00000000f9880000,0x00000000fa15a6b0,0x00000000fc900000)
  to   space 47616K, 0% used [0x00000000fcc80000,0x00000000fcc80000,0x00000000ffb00000)
 ParOldGen       total 349696K, used 296462K [0x00000000e0000000, 0x00000000f5580000, 0x00000000f5580000)
  object space 349696K, 84% used [0x00000000e0000000,0x00000000f2183810,0x00000000f5580000)
 Metaspace       used 100715K, capacity 108281K, committed 108544K, reserved 1142784K
  class space    used 13672K, capacity 15341K, committed 15360K, reserved 1048576K
Event: 1024.461 GC heap after
Heap after GC invocations=55 (full 5):
 PSYoungGen      total 119808K, used 15856K [0x00000000f5580000, 0x00000000ff700000, 0x0000000100000000)
  eden space 76288K, 0% used [0x00000000f5580000,0x00000000f5580000,0x00000000fa000000)
  from space 43520K, 36% used [0x00000000fcc80000,0x00000000fdbfc020,0x00000000ff700000)
  to   space 44544K, 0% used [0x00000000fa000000,0x00000000fa000000,0x00000000fcb80000)
 ParOldGen       total 349696K, used 302006K [0x00000000e0000000, 0x00000000f5580000, 0x00000000f5580000)
  object space 349696K, 86% used [0x00000000e0000000,0x00000000f26edb38,0x00000000f5580000)
 Metaspace       used 100715K, capacity 108281K, committed 108544K, reserved 1142784K
  class space    used 13672K, capacity 15341K, committed 15360K, reserved 1048576K
}

