# JRE version: Java(TM) SE Runtime Environment (8.0_191-b12) (build 1.8.0_191-b12)
# Java VM: Java HotSpot(TM) 64-Bit Server VM (25.191-b12 mixed mode windows-amd64 compressed oops)
Heap:
 PSYoungGen      total 112128K, used 61713K [0x00000000f5580000, 0x0000000100000000, 0x0000000100000000)
  eden space 97280K, 49% used [0x00000000f5580000,0x00000000f842bac0,0x00000000fb480000)
  from space 14848K, 93% used [0x00000000fb480000,0x00000000fc218d18,0x00000000fc300000)
  to   space 16384K, 0% used [0x00000000ff000000,0x00000000ff000000,0x0000000100000000)
 ParOldGen       total 175104K, used 18728K [0x00000000e0000000, 0x00000000eab00000, 0x00000000f5580000)
  object space 175104K, 10% used [0x00000000e0000000,0x00000000e124a3b0,0x00000000eab00000)
 Metaspace       used 46898K, capacity 48405K, committed 48640K, reserved 1091584K
  class space    used 6439K, capacity 6831K, committed 6912K, reserved 1048576K
GC Heap History (10 events):
Event: 13.702 GC heap before
{Heap before GC invocations=5 (full 1):
 PSYoungGen      total 76288K, used 65536K [0x00000000f5580000, 0x00000000faa80000, 0x0000000100000000)
  eden space 65536K, 100% used [0x00000000f5580000,0x00000000f9580000,0x00000000f9580000)
  from space 10752K, 0% used [0x00000000f9580000,0x00000000f9580000,0x00000000fa000000)
  to   space 10752K, 0% used [0x00000000fa000000,0x00000000fa000000,0x00000000faa80000)
 ParOldGen       total 175104K, used 11878K [0x00000000e0000000, 0x00000000eab00000, 0x00000000f5580000)
  object space 175104K, 6% used [0x00000000e0000000,0x00000000e0b998d0,0x00000000eab00000)
 Metaspace       used 27388K, capacity 27974K, committed 28160K, reserved 1073152K
  class space    used 3802K, capacity 4025K, committed 4096K, reserved 1048576K
Event: 13.744 GC heap after
Heap after GC invocations=5 (full 1):
 PSYoungGen      total 76288K, used 7750K [0x00000000f5580000, 0x00000000fc680000, 0x0000000100000000)
  eden space 65536K, 0% used [0x00000000f5580000,0x00000000f5580000,0x00000000f9580000)
  from space 10752K, 72% used [0x00000000fa000000,0x00000000fa791b18,0x00000000faa80000)
  to   space 10752K, 0% used [0x00000000f9580000,0x00000000f9580000,0x00000000fa000000)
 ParOldGen       total 175104K, used 11886K [0x00000000e0000000, 0x00000000eab00000, 0x00000000f5580000)
  object space 175104K, 6% used [0x00000000e0000000,0x00000000e0b9b8d0,0x00000000eab00000)
 Metaspace       used 27388K, capacity 27974K, committed 28160K, reserved 1073152K
  class space    used 3802K, capacity 4025K, committed 4096K, reserved 1048576K
}
Event: 15.002 GC heap before
{Heap before GC invocations=6 (full 1):
 PSYoungGen      total 76288K, used 73286K [0x00000000f5580000, 0x00000000fc680000, 0x0000000100000000)
  eden space 65536K, 100% used [0x00000000f5580000,0x00000000f9580000,0x00000000f9580000)
  from space 10752K, 72% used [0x00000000fa000000,0x00000000fa791b18,0x00000000faa80000)
  to   space 10752K, 0% used [0x00000000f9580000,0x00000000f9580000,0x00000000fa000000)
 ParOldGen       total 175104K, used 11886K [0x00000000e0000000, 0x00000000eab00000, 0x00000000f5580000)
  object space 175104K, 6% used [0x00000000e0000000,0x00000000e0b9b8d0,0x00000000eab00000)
 Metaspace       used 31197K, capacity 31946K, committed 32256K, reserved 1077248K
  class space    used 4349K, capacity 4598K, committed 4608K, reserved 1048576K
Event: 15.023 GC heap after
Heap after GC invocations=6 (full 1):
 PSYoungGen      total 76288K, used 10390K [0x00000000f5580000, 0x00000000fd080000, 0x0000000100000000)
  eden space 65536K, 0% used [0x00000000f5580000,0x00000000f5580000,0x00000000f9580000)
  from space 10752K, 96% used [0x00000000f9580000,0x00000000f9fa5b70,0x00000000fa000000)
  to   space 13824K, 0% used [0x00000000fc300000,0x00000000fc300000,0x00000000fd080000)
 ParOldGen       total 175104K, used 11894K [0x00000000e0000000, 0x00000000eab00000, 0x00000000f5580000)
  object space 175104K, 6% used [0x00000000e0000000,0x00000000e0b9d8d0,0x00000000eab00000)
 Metaspace       used 31197K, capacity 31946K, committed 32256K, reserved 1077248K
  class space    used 4349K, capacity 4598K, committed 4608K, reserved 1048576K
}
Event: 16.038 GC heap before
{Heap before GC invocations=7 (full 1):
 PSYoungGen      total 76288K, used 71496K [0x00000000f5580000, 0x00000000fd080000, 0x0000000100000000)
  eden space 65536K, 93% used [0x00000000f5580000,0x00000000f912c7c0,0x00000000f9580000)
  from space 10752K, 96% used [0x00000000f9580000,0x00000000f9fa5b70,0x00000000fa000000)
  to   space 13824K, 0% used [0x00000000fc300000,0x00000000fc300000,0x00000000fd080000)
 ParOldGen       total 175104K, used 11894K [0x00000000e0000000, 0x00000000eab00000, 0x00000000f5580000)
  object space 175104K, 6% used [0x00000000e0000000,0x00000000e0b9d8d0,0x00000000eab00000)
 Metaspace       used 34605K, capacity 35487K, committed 35496K, reserved 1079296K
  class space    used 4856K, capacity 5120K, committed 5120K, reserved 1048576K
Event: 16.083 GC heap after
Heap after GC invocations=7 (full 1):
 PSYoungGen      total 111104K, used 12004K [0x00000000f5580000, 0x00000000fdc00000, 0x0000000100000000)
  eden space 97280K, 0% used [0x00000000f5580000,0x00000000f5580000,0x00000000fb480000)
  from space 13824K, 86% used [0x00000000fc300000,0x00000000fceb93c0,0x00000000fd080000)
  to   space 14848K, 0% used [0x00000000fb480000,0x00000000fb480000,0x00000000fc300000)
 ParOldGen       total 175104K, used 11902K [0x00000000e0000000, 0x00000000eab00000, 0x00000000f5580000)
  object space 175104K, 6% used [0x00000000e0000000,0x00000000e0b9f8d0,0x00000000eab00000)
 Metaspace       used 34605K, capacity 35487K, committed 35496K, reserved 1079296K
  class space    used 4856K, capacity 5120K, committed 5120K, reserved 1048576K
}
Event: 16.083 GC heap before
{Heap before GC invocations=8 (full 2):
 PSYoungGen      total 111104K, used 12004K [0x00000000f5580000, 0x00000000fdc00000, 0x0000000100000000)
  eden space 97280K, 0% used [0x00000000f5580000,0x00000000f5580000,0x00000000fb480000)
  from space 13824K, 86% used [0x00000000fc300000,0x00000000fceb93c0,0x00000000fd080000)
  to   space 14848K, 0% used [0x00000000fb480000,0x00000000fb480000,0x00000000fc300000)
 ParOldGen       total 175104K, used 11902K [0x00000000e0000000, 0x00000000eab00000, 0x00000000f5580000)
  object space 175104K, 6% used [0x00000000e0000000,0x00000000e0b9f8d0,0x00000000eab00000)
 Metaspace       used 34605K, capacity 35487K, committed 35496K, reserved 1079296K
  class space    used 4856K, capacity 5120K, committed 5120K, reserved 1048576K
Event: 16.224 GC heap after
Heap after GC invocations=8 (full 2):
 PSYoungGen      total 111104K, used 0K [0x00000000f5580000, 0x00000000fdc00000, 0x0000000100000000)
  eden space 97280K, 0% used [0x00000000f5580000,0x00000000f5580000,0x00000000fb480000)
  from space 13824K, 0% used [0x00000000fc300000,0x00000000fc300000,0x00000000fd080000)
  to   space 14848K, 0% used [0x00000000fb480000,0x00000000fb480000,0x00000000fc300000)
 ParOldGen       total 175104K, used 18720K [0x00000000e0000000, 0x00000000eab00000, 0x00000000f5580000)
  object space 175104K, 10% used [0x00000000e0000000,0x00000000e12483b0,0x00000000eab00000)
 Metaspace       used 34605K, capacity 35487K, committed 35496K, reserved 1079296K
  class space    used 4856K, capacity 5120K, committed 5120K, reserved 1048576K
}
Event: 18.323 GC heap before
{Heap before GC invocations=9 (full 2):
 PSYoungGen      total 111104K, used 97280K [0x00000000f5580000, 0x00000000fdc00000, 0x0000000100000000)
  eden space 97280K, 100% used [0x00000000f5580000,0x00000000fb480000,0x00000000fb480000)
  from space 13824K, 0% used [0x00000000fc300000,0x00000000fc300000,0x00000000fd080000)
  to   space 14848K, 0% used [0x00000000fb480000,0x00000000fb480000,0x00000000fc300000)
 ParOldGen       total 175104K, used 18720K [0x00000000e0000000, 0x00000000eab00000, 0x00000000f5580000)
  object space 175104K, 10% used [0x00000000e0000000,0x00000000e12483b0,0x00000000eab00000)
 Metaspace       used 44008K, capacity 45459K, committed 45696K, reserved 1089536K
  class space    used 6067K, capacity 6478K, committed 6528K, reserved 1048576K
Event: 18.351 GC heap after
Heap after GC invocations=9 (full 2):
 PSYoungGen      total 112128K, used 13923K [0x00000000f5580000, 0x0000000100000000, 0x0000000100000000)
  eden space 97280K, 0% used [0x00000000f5580000,0x00000000f5580000,0x00000000fb480000)
  from space 14848K, 93% used [0x00000000fb480000,0x00000000fc218d18,0x00000000fc300000)
  to   space 16384K, 0% used [0x00000000ff000000,0x00000000ff000000,0x0000000100000000)
 ParOldGen       total 175104K, used 18728K [0x00000000e0000000, 0x00000000eab00000, 0x00000000f5580000)
  object space 175104K, 10% used [0x00000000e0000000,0x00000000e124a3b0,0x00000000eab00000)
 Metaspace       used 44008K, capacity 45459K, committed 45696K, reserved 1089536K
  class space    used 6067K, capacity 6478K, committed 6528K, reserved 1048576K
}

